dic 01, 2021 4:10:03 P.ï¿½M. InitialViewController main
INFORMACIï¿½N: Logger set up
dic 01, 2021 4:10:03 P.ï¿½M. InitialViewController main
GRAVE: Index 2 out of bounds for length 2

dic 01, 2021 4:12:01 P.ï¿½M. InitialViewController main
INFORMACIï¿½N: Logger set up
dic 01, 2021 4:12:01 P.ï¿½M. InitialViewController main
GRAVE: Index 2 out of bounds for length 2
dic 01, 2021 4:34:11 P. M. InitialViewController main
INFORMACIÓN: Logger set up
dic 01, 2021 4:34:11 P. M. InitialViewController main
GRAVE: Index 2 out of bounds for length 2
dic 01, 2021 4:34:40 P. M. InitialViewController main
INFORMACIÓN: Logger set up
dic 01, 2021 4:34:40 P. M. InitialViewController main
GRAVE: Index 2 out of bounds for length 2
dic 01, 2021 5:01:12 P. M. InitialViewController main
INFORMACIÓN: Logger set up
dic 01, 2021 5:01:12 P. M. InitialViewController main
GRAVE: Index 2 out of bounds for length 2
dic 01, 2021 5:10:33 P. M. InitialViewController main
INFORMACIÓN: Logger set up
dic 01, 2021 5:10:33 P. M. InitialViewController main
GRAVE: Index 2 out of bounds for length 2
dic 01, 2021 5:11:06 P. M. InitialViewController main
INFORMACIÓN: Logger set up
dic 01, 2021 5:11:06 P. M. InitialViewController main
GRAVE: Index 2 out of bounds for length 2
dic 01, 2021 5:11:33 P. M. InitialViewController main
INFORMACIÓN: Logger set up
dic 01, 2021 5:11:33 P. M. InitialViewController main
GRAVE: Index 2 out of bounds for length 2
dic 01, 2021 5:12:07 P. M. InitialViewController main
INFORMACIÓN: Logger set up
dic 01, 2021 5:12:07 P. M. InitialViewController main
GRAVE: Index 2 out of bounds for length 2
dic 01, 2021 5:12:44 P. M. InitialViewController main
INFORMACIÓN: Logger set up
dic 01, 2021 5:12:44 P. M. InitialViewController main
GRAVE: Index 2 out of bounds for length 2
dic 01, 2021 5:13:23 P. M. InitialViewController main
INFORMACIÓN: Logger set up
dic 01, 2021 5:13:23 P. M. InitialViewController main
GRAVE: Index 2 out of bounds for length 2
dic 01, 2021 5:14:27 P. M. InitialViewController main
INFORMACIÓN: Logger set up
dic 01, 2021 5:14:27 P. M. InitialViewController main
GRAVE: Index 2 out of bounds for length 2
dic 01, 2021 5:15:10 P. M. InitialViewController main
INFORMACIÓN: Logger set up
dic 01, 2021 5:15:10 P. M. InitialViewController main
GRAVE: Index 2 out of bounds for length 2
dic 01, 2021 5:15:56 P. M. InitialViewController main
INFORMACIÓN: Logger set up
dic 01, 2021 5:15:57 P. M. InitialViewController main
GRAVE: Index 2 out of bounds for length 2
ene 12, 2022 3:42:17 P. M. InitialViewController main
INFORMACIÓN: Logger set up
ene 12, 2022 3:42:17 P. M. InitialViewController main
GRAVE: Index 2 out of bounds for length 2
ene 12, 2022 3:43:28 P. M. InitialViewController main
INFORMACIÓN: Logger set up
ene 12, 2022 3:43:28 P. M. InitialViewController main
GRAVE: Index 2 out of bounds for length 2
ene 12, 2022 3:43:45 P. M. InitialViewController main
INFORMACIÓN: Logger set up
ene 12, 2022 3:43:45 P. M. InitialViewController main
GRAVE: Index 2 out of bounds for length 2
ene 12, 2022 3:43:57 P. M. InitialViewController main
INFORMACIÓN: Logger set up
ene 12, 2022 3:43:57 P. M. InitialViewController main
GRAVE: Index 2 out of bounds for length 2
ene 12, 2022 4:46:49 P. M. InitialViewController main
INFORMACIÓN: Logger set up
ene 12, 2022 4:47:13 P. M. InitialViewController main
INFORMACIÓN: Logger set up
ene 12, 2022 4:47:48 P. M. InitialViewController main
INFORMACIÓN: Logger set up
ene 12, 2022 4:50:34 P. M. InitialViewController main
INFORMACIÓN: Logger set up
ene 12, 2022 4:51:04 P. M. InitialViewController main
INFORMACIÓN: Logger set up
ene 12, 2022 4:53:50 P. M. InitialViewController main
INFORMACIÓN: Logger set up
ene 12, 2022 4:57:13 P. M. InitialViewController main
INFORMACIÓN: Logger set up
ene 19, 2022 12:18:20 P. M. InitialViewController main
INFORMACIÓN: Logger set up

ene 19, 2022 12:35:14 P. M. InitialViewController main
INFORMACIÓN: Logger set up

ene 19, 2022 1:09:28 P. M. InitialViewController main
INFORMACIÓN: Logger set up

ene 19, 2022 1:11:05 P. M. InitialViewController main
INFORMACIÓN: Logger set up

ene 19, 2022 1:11:45 P. M. InitialViewController main
INFORMACIÓN: Logger set up

ene 19, 2022 1:12:31 P. M. InitialViewController main
INFORMACIÓN: Logger set up

ene 19, 2022 1:15:09 P. M. InitialViewController main
INFORMACIÓN: Logger set up

ene 19, 2022 1:16:39 P. M. InitialViewController main
INFORMACIÓN: Logger set up

ene 19, 2022 1:17:11 P. M. InitialViewController main
INFORMACIÓN: Logger set up

ene 19, 2022 1:17:49 P. M. InitialViewController main
INFORMACIÓN: Logger set up

ene 19, 2022 1:19:17 P. M. InitialViewController main
INFORMACIÓN: Logger set up

ene 19, 2022 1:19:56 P. M. InitialViewController main
INFORMACIÓN: Logger set up

ene 19, 2022 1:21:01 P. M. InitialViewController main
INFORMACIÓN: Logger set up

ene 19, 2022 1:32:38 P. M. InitialViewController main
INFORMACIÓN: Logger set up

ene 19, 2022 1:33:14 P. M. InitialViewController main
INFORMACIÓN: Logger set up

ene 19, 2022 1:33:30 P. M. InitialViewController main
INFORMACIÓN: Logger set up

ene 19, 2022 1:34:44 P. M. InitialViewController main
INFORMACIÓN: Logger set up

ene 19, 2022 1:35:08 P. M. InitialViewController main
INFORMACIÓN: Logger set up

ene 19, 2022 1:37:39 P. M. InitialViewController main
INFORMACIÓN: Logger set up

ene 19, 2022 1:38:13 P. M. InitialViewController main
INFORMACIÓN: Logger set up

ene 19, 2022 1:43:09 P. M. InitialViewController main
INFORMACIÓN: Logger set up

ene 19, 2022 1:49:53 P. M. InitialViewController main
INFORMACIÓN: Logger set up

ene 19, 2022 1:50:12 P. M. InitialViewController main
INFORMACIÓN: Logger set up

ene 19, 2022 1:56:38 P. M. InitialViewController main
INFORMACIÓN: Logger set up

ene 19, 2022 1:58:24 P. M. InitialViewController main
INFORMACIÓN: Logger set up

ene 19, 2022 1:58:51 P. M. InitialViewController main
INFORMACIÓN: Logger set up

ene 19, 2022 4:14:47 P. M. InitialViewController main
INFORMACIÓN: Logger set up

feb 16, 2022 4:30:06 P. M. InitialViewController main
INFORMACIÓN: Logger set up

feb 16, 2022 5:31:27 P. M. InitialViewController main
INFORMACIÓN: Logger set up

feb 16, 2022 5:42:10 P. M. InitialViewController main
INFORMACIÓN: Logger set up

feb 16, 2022 6:33:45 P. M. InitialViewController main
INFORMACIÓN: Logger set up

feb 16, 2022 6:34:24 P. M. InitialViewController main
INFORMACIÓN: Logger set up

feb 16, 2022 6:35:26 P. M. InitialViewController main
INFORMACIÓN: Logger set up

feb 16, 2022 6:35:59 P. M. InitialViewController main
INFORMACIÓN: Logger set up

feb 21, 2022 6:56:59 P. M. InitialViewController main
INFORMACIÓN: Logger set up

feb 21, 2022 6:58:50 P. M. InitialViewController main
INFORMACIÓN: Logger set up

feb 21, 2022 7:16:25 P. M. InitialViewController main
INFORMACIÓN: Logger set up

feb 21, 2022 7:21:24 P. M. InitialViewController main
INFORMACIÓN: Logger set up

feb 21, 2022 7:43:23 P. M. InitialViewController main
INFORMACIÓN: Logger set up

feb 21, 2022 8:22:07 P. M. InitialViewController main
INFORMACIÓN: Logger set up

mar 07, 2022 6:46:13 P. M. InitialViewController main
INFORMACIÓN: Logger set up

mar 07, 2022 6:47:30 P. M. InitialViewController main
INFORMACIÓN: Logger set up

mar 07, 2022 7:04:29 P. M. InitialViewController main
INFORMACIÓN: Logger set up

mar 07, 2022 7:25:29 P. M. InitialViewController main
INFORMACIÓN: Logger set up

mar 07, 2022 7:30:45 P. M. InitialViewController main
INFORMACIÓN: Logger set up

mar 08, 2022 3:29:53 P. M. InitialViewController main
INFORMACIÓN: Logger set up

mar 08, 2022 3:32:38 P. M. InitialViewController main
INFORMACIÓN: Logger set up

mar 08, 2022 3:32:57 P. M. InitialViewController main
INFORMACIÓN: Logger set up

mar 08, 2022 3:33:37 P. M. InitialViewController main
INFORMACIÓN: Logger set up

mar 08, 2022 3:34:53 P. M. InitialViewController main
INFORMACIÓN: Logger set up

mar 08, 2022 3:35:32 P. M. InitialViewController main
INFORMACIÓN: Logger set up

mar 08, 2022 3:35:57 P. M. InitialViewController main
INFORMACIÓN: Logger set up

mar 08, 2022 3:36:06 P. M. InitialViewController main
INFORMACIÓN: Logger set up

mar 08, 2022 3:39:11 P. M. InitialViewController main
INFORMACIÓN: Logger set up

mar 08, 2022 3:39:47 P. M. InitialViewController main
INFORMACIÓN: Logger set up

mar 08, 2022 3:40:08 P. M. InitialViewController main
INFORMACIÓN: Logger set up

mar 08, 2022 3:42:08 P. M. InitialViewController main
INFORMACIÓN: Logger set up

mar 08, 2022 3:44:24 P. M. InitialViewController main
INFORMACIÓN: Logger set up

mar 08, 2022 3:45:15 P. M. InitialViewController main
INFORMACIÓN: Logger set up

mar 08, 2022 3:49:02 P. M. InitialViewController main
INFORMACIÓN: Logger set up

mar 08, 2022 3:50:02 P. M. InitialViewController main
INFORMACIÓN: Logger set up

mar 08, 2022 3:51:27 P. M. InitialViewController main
INFORMACIÓN: Logger set up

mar 08, 2022 3:52:44 P. M. InitialViewController main
INFORMACIÓN: Logger set up

mar 08, 2022 3:55:37 P. M. InitialViewController main
INFORMACIÓN: Logger set up

mar 08, 2022 3:58:54 P. M. InitialViewController main
INFORMACIÓN: Logger set up

mar 08, 2022 4:00:59 P. M. InitialViewController main
INFORMACIÓN: Logger set up

mar 08, 2022 4:05:49 P. M. InitialViewController main
INFORMACIÓN: Logger set up

mar 14, 2022 7:39:15 P. M. InitialViewController main
INFORMACIÓN: Logger set up

mar 14, 2022 7:39:42 P. M. InitialViewController main
INFORMACIÓN: Logger set up

mar 14, 2022 7:40:12 P. M. InitialViewController main
INFORMACIÓN: Logger set up

mar 14, 2022 7:40:48 P. M. InitialViewController main
INFORMACIÓN: Logger set up

mar 14, 2022 7:41:35 P. M. InitialViewController main
INFORMACIÓN: Logger set up

mar 14, 2022 7:43:30 P. M. InitialViewController main
INFORMACIÓN: Logger set up

mar 14, 2022 7:44:14 P. M. InitialViewController main
INFORMACIÓN: Logger set up

mar 14, 2022 7:46:47 P. M. InitialViewController main
INFORMACIÓN: Logger set up

mar 14, 2022 7:47:33 P. M. InitialViewController main
INFORMACIÓN: Logger set up

mar 14, 2022 7:48:58 P. M. InitialViewController main
INFORMACIÓN: Logger set up

mar 14, 2022 8:31:18 P. M. InitialViewController main
INFORMACIÓN: Logger set up

mar 14, 2022 8:35:19 P. M. InitialViewController main
INFORMACIÓN: Logger set up

mar 14, 2022 8:37:56 P. M. InitialViewController main
INFORMACIÓN: Logger set up

mar 14, 2022 8:40:02 P. M. InitialViewController main
INFORMACIÓN: Logger set up

mar 14, 2022 8:47:48 P. M. InitialViewController main
INFORMACIÓN: Logger set up

mar 14, 2022 8:49:48 P. M. InitialViewController main
INFORMACIÓN: Logger set up

mar 21, 2022 7:53:56 P. M. InitialViewController main
INFORMACIÓN: Logger set up

mar 21, 2022 7:54:22 P. M. InitialViewController main
INFORMACIÓN: Logger set up

mar 21, 2022 7:54:52 P. M. InitialViewController main
INFORMACIÓN: Logger set up

mar 21, 2022 7:55:55 P. M. InitialViewController main
INFORMACIÓN: Logger set up

mar 21, 2022 8:00:25 P. M. InitialViewController main
INFORMACIÓN: Logger set up

mar 21, 2022 8:03:25 P. M. InitialViewController main
INFORMACIÓN: Logger set up

mar 21, 2022 8:05:18 P. M. InitialViewController main
INFORMACIÓN: Logger set up

mar 21, 2022 8:05:32 P. M. InitialViewController main
INFORMACIÓN: Logger set up

mar 21, 2022 8:08:45 P. M. InitialViewController main
INFORMACIÓN: Logger set up

mar 21, 2022 8:14:15 P. M. InitialViewController main
INFORMACIÓN: Logger set up

mar 21, 2022 8:16:55 P. M. InitialViewController main
INFORMACIÓN: Logger set up

mar 23, 2022 3:16:18 P. M. InitialViewController main
INFORMACIÓN: Logger set up

mar 23, 2022 3:16:43 P. M. InitialViewController main
INFORMACIÓN: Logger set up

